<?xml version="1.0" encoding="UTF-8"?>
<!-- Generated by org.testng.reporters.JUnitReportReporter -->
<testsuite hostname="Techno-311" failures="0" tests="2" name="io.mosip.test.admintest.testcase.LoginTest" time="3.010" errors="1" timestamp="2022-06-27T12:07:44 IST" skipped="1">
  <testcase classname="io.mosip.test.admintest.testcase.LoginTest" name="setUp" time="3.010">
    <error message="session not created: This version of ChromeDriver only supports Chrome version 98
Current browser version is 102.0.5005.115 with binary path C:\Program Files\Google\Chrome\Application\chrome.exe
Build info: version: &#039;3.141.59&#039;, revision: &#039;e82be7d358&#039;, time: &#039;2018-11-14T08:17:03&#039;
System info: host: &#039;TECHNO-311&#039;, ip: &#039;10.13.13.18&#039;, os.name: &#039;Windows 10&#039;, os.arch: &#039;amd64&#039;, os.version: &#039;10.0&#039;, java.version: &#039;11.0.8&#039;
Driver info: driver.version: ChromeDriver
remote stacktrace: Backtrace:
	Ordinal0 [0x00E069A3+2582947]
	Ordinal0 [0x00D9A6D1+2139857]
	Ordinal0 [0x00C93A98+1063576]
	Ordinal0 [0x00CB33B8+1192888]
	Ordinal0 [0x00CAF235+1176117]
	Ordinal0 [0x00CAC9E1+1165793]
	Ordinal0 [0x00CDCFFF+1363967]
	Ordinal0 [0x00CDCC2A+1362986]
	Ordinal0 [0x00CD8366+1344358]
	Ordinal0 [0x00CB5176+1200502]
	Ordinal0 [0x00CB6066+1204326]
	GetHandleVerifier [0x00FABE02+1675858]
	GetHandleVerifier [0x0106036C+2414524]
	GetHandleVerifier [0x00E9BB01+560977]
	GetHandleVerifier [0x00E9A8D3+556323]
	Ordinal0 [0x00DA020E+2163214]
	Ordinal0 [0x00DA5078+2183288]
	Ordinal0 [0x00DA51C0+2183616]
	Ordinal0 [0x00DAEE1C+2223644]
	BaseThreadInitThunk [0x750CFA29+25]
	RtlGetAppContainerNamedObjectPath [0x77147A9E+286]
	RtlGetAppContainerNamedObjectPath [0x77147A6E+238]
" type="org.openqa.selenium.SessionNotCreatedException">
      <![CDATA[org.openqa.selenium.SessionNotCreatedException: session not created: This version of ChromeDriver only supports Chrome version 98
Current browser version is 102.0.5005.115 with binary path C:\Program Files\Google\Chrome\Application\chrome.exe
Build info: version: '3.141.59', revision: 'e82be7d358', time: '2018-11-14T08:17:03'
System info: host: 'TECHNO-311', ip: '10.13.13.18', os.name: 'Windows 10', os.arch: 'amd64', os.version: '10.0', java.version: '11.0.8'
Driver info: driver.version: ChromeDriver
remote stacktrace: Backtrace:
Ordinal0 [0x00E069A3+2582947]
Ordinal0 [0x00D9A6D1+2139857]
Ordinal0 [0x00C93A98+1063576]
Ordinal0 [0x00CB33B8+1192888]
Ordinal0 [0x00CAF235+1176117]
Ordinal0 [0x00CAC9E1+1165793]
Ordinal0 [0x00CDCFFF+1363967]
Ordinal0 [0x00CDCC2A+1362986]
Ordinal0 [0x00CD8366+1344358]
Ordinal0 [0x00CB5176+1200502]
Ordinal0 [0x00CB6066+1204326]
GetHandleVerifier [0x00FABE02+1675858]
GetHandleVerifier [0x0106036C+2414524]
GetHandleVerifier [0x00E9BB01+560977]
GetHandleVerifier [0x00E9A8D3+556323]
Ordinal0 [0x00DA020E+2163214]
Ordinal0 [0x00DA5078+2183288]
Ordinal0 [0x00DA51C0+2183616]
Ordinal0 [0x00DAEE1C+2223644]
BaseThreadInitThunk [0x750CFA29+25]
RtlGetAppContainerNamedObjectPath [0x77147A9E+286]
RtlGetAppContainerNamedObjectPath [0x77147A6E+238]

at java.base/jdk.internal.reflect.NativeConstructorAccessorImpl.newInstance0(Native Method)
at java.base/jdk.internal.reflect.NativeConstructorAccessorImpl.newInstance(NativeConstructorAccessorImpl.java:62)
at java.base/jdk.internal.reflect.DelegatingConstructorAccessorImpl.newInstance(DelegatingConstructorAccessorImpl.java:45)
at java.base/java.lang.reflect.Constructor.newInstance(Constructor.java:490)
at org.openqa.selenium.remote.W3CHandshakeResponse.lambda$errorHandler$0(W3CHandshakeResponse.java:62)
at org.openqa.selenium.remote.HandshakeResponse.lambda$getResponseFunction$0(HandshakeResponse.java:30)
at org.openqa.selenium.remote.ProtocolHandshake.lambda$createSession$0(ProtocolHandshake.java:126)
at java.base/java.util.stream.ReferencePipeline$3$1.accept(ReferencePipeline.java:195)
at java.base/java.util.Spliterators$ArraySpliterator.tryAdvance(Spliterators.java:958)
at java.base/java.util.stream.ReferencePipeline.forEachWithCancel(ReferencePipeline.java:127)
at java.base/java.util.stream.AbstractPipeline.copyIntoWithCancel(AbstractPipeline.java:502)
at java.base/java.util.stream.AbstractPipeline.copyInto(AbstractPipeline.java:488)
at java.base/java.util.stream.AbstractPipeline.wrapAndCopyInto(AbstractPipeline.java:474)
at java.base/java.util.stream.FindOps$FindOp.evaluateSequential(FindOps.java:150)
at java.base/java.util.stream.AbstractPipeline.evaluate(AbstractPipeline.java:234)
at java.base/java.util.stream.ReferencePipeline.findFirst(ReferencePipeline.java:543)
at org.openqa.selenium.remote.ProtocolHandshake.createSession(ProtocolHandshake.java:128)
at org.openqa.selenium.remote.ProtocolHandshake.createSession(ProtocolHandshake.java:74)
at org.openqa.selenium.remote.HttpCommandExecutor.execute(HttpCommandExecutor.java:136)
at org.openqa.selenium.remote.service.DriverCommandExecutor.execute(DriverCommandExecutor.java:83)
at org.openqa.selenium.remote.RemoteWebDriver.execute(RemoteWebDriver.java:552)
at org.openqa.selenium.remote.RemoteWebDriver.startSession(RemoteWebDriver.java:213)
at org.openqa.selenium.remote.RemoteWebDriver.<init>(RemoteWebDriver.java:131)
at org.openqa.selenium.chrome.ChromeDriver.<init>(ChromeDriver.java:181)
at org.openqa.selenium.chrome.ChromeDriver.<init>(ChromeDriver.java:168)
at org.openqa.selenium.chrome.ChromeDriver.<init>(ChromeDriver.java:123)
at io.mosip.test.admintest.utility.BaseClass.setUp(BaseClass.java:69)
at java.base/jdk.internal.reflect.NativeMethodAccessorImpl.invoke0(Native Method)
at java.base/jdk.internal.reflect.NativeMethodAccessorImpl.invoke(NativeMethodAccessorImpl.java:62)
at java.base/jdk.internal.reflect.DelegatingMethodAccessorImpl.invoke(DelegatingMethodAccessorImpl.java:43)
at java.base/java.lang.reflect.Method.invoke(Method.java:566)
at org.testng.internal.MethodInvocationHelper.invokeMethod(MethodInvocationHelper.java:134)
at org.testng.internal.MethodInvocationHelper.invokeMethodConsideringTimeout(MethodInvocationHelper.java:63)
at org.testng.internal.ConfigInvoker.invokeConfigurationMethod(ConfigInvoker.java:348)
at org.testng.internal.ConfigInvoker.invokeConfigurations(ConfigInvoker.java:302)
at org.testng.internal.TestInvoker.runConfigMethods(TestInvoker.java:695)
at org.testng.internal.TestInvoker.invokeMethod(TestInvoker.java:523)
at org.testng.internal.TestInvoker.invokeTestMethod(TestInvoker.java:173)
at org.testng.internal.MethodRunner.runInSequence(MethodRunner.java:46)
at org.testng.internal.TestInvoker$MethodInvocationAgent.invoke(TestInvoker.java:816)
at org.testng.internal.TestInvoker.invokeTestMethods(TestInvoker.java:146)
at org.testng.internal.TestMethodWorker.invokeTestMethods(TestMethodWorker.java:146)
at org.testng.internal.TestMethodWorker.run(TestMethodWorker.java:128)
at java.base/java.util.ArrayList.forEach(ArrayList.java:1541)
at org.testng.TestRunner.privateRun(TestRunner.java:766)
at org.testng.TestRunner.run(TestRunner.java:587)
at org.testng.SuiteRunner.runTest(SuiteRunner.java:384)
at org.testng.SuiteRunner.runSequentially(SuiteRunner.java:378)
at org.testng.SuiteRunner.privateRun(SuiteRunner.java:337)
at org.testng.SuiteRunner.run(SuiteRunner.java:286)
at org.testng.SuiteRunnerWorker.runSuite(SuiteRunnerWorker.java:53)
at org.testng.SuiteRunnerWorker.run(SuiteRunnerWorker.java:96)
at org.testng.TestNG.runSuitesSequentially(TestNG.java:1187)
at org.testng.TestNG.runSuitesLocally(TestNG.java:1109)
at org.testng.TestNG.runSuites(TestNG.java:1039)
at org.testng.TestNG.run(TestNG.java:1007)
at io.mosip.test.admintest.utility.TestRunner.main(TestRunner.java:39)
]]>
    </error>
  </testcase> <!-- setUp -->
  <system-out/>
  <testcase classname="io.mosip.test.admintest.testcase.LoginTest" name="loginTest" time="0.000">
    <skipped/>
  </testcase> <!-- loginTest -->
  <system-out/>
</testsuite> <!-- io.mosip.test.admintest.testcase.LoginTest -->
